<?xml version="1.0" encoding="UTF-8"?>
<!-- Generated by org.testng.reporters.JUnitReportReporter -->
<testsuite hostname="Said" failures="0" tests="5" name="com.hrm.testcases.LoginTest" time="25.782" errors="0" timestamp="2025-03-20T17:35:12 PDT" skipped="0">
  <testcase classname="com.hrm.testcases.LoginTest" name="testLoginEmptyUsername" time="4.374"/>
  <system-out/>
  <testcase classname="com.hrm.testcases.LoginTest" name="testLoginAdminUser" time="5.427"/>
  <system-out/>
  <testcase classname="com.hrm.testcases.LoginTest" name="testLoginInvalidPassword" time="5.294"/>
  <system-out/>
  <testcase classname="com.hrm.testcases.LoginTest" name="testLoginInvalidPassword" time="6.208"/>
  <system-out/>
  <testcase classname="com.hrm.testcases.LoginTest" name="testLoginEmptyUsername" time="4.479"/>
  <system-out/>
</testsuite> <!-- com.hrm.testcases.LoginTest -->
